cd ../bin/ && ./fremdeWelten
initFremdeWelten...
_up: -0 1 0
0

-----
View
1 -0 -0 0
0 1 0 0
0 0 -1 0
0 0 0 1

right: 1 0 0
direction: 0 0 -1
target: 0 0 -1
up: 0 1 0
position: 0 0 0
_up: 0 1 0

-----
View
0.99995 0 0 0
0 1 0 0
-0.00999983 0 -0.99995 0
0 0 0 1

right: 0.99995 0 -0.00999983
direction: -0.00999983 0 -0.99995
target: 0 0 -1
up: 0 1 0
position: 0 0 0
_up: 0 1 0

-----
View
0.9998 0 0 0
0 1 0 0
-0.0199987 0 -0.9998 0
0 0 0 1

right: 0.9998 0 -0.0199987
direction: -0.0199987 0 -0.9998
target: 0 0 -1
up: 0 1 0
position: 0 0 0
_up: 0 1 0

-----
View
0.99955 0 0 0
0 1 0 0
-0.0299955 0 -0.99955 0
0 0 0 1

right: 0.99955 0 -0.0299955
direction: -0.0299955 0 -0.99955
target: 0 0 -1
up: 0 1 0
position: 0 0 0
_up: 0 1 0

-----
View
0.9992 0 0 0
0 1 0 0
-0.0399893 0 -0.9992 0
0 0 0 1

right: 0.9992 0 -0.0399893
direction: -0.0399893 0 -0.9992
target: 0 0 -1
up: 0 1 0
position: 0 0 0
_up: 0 1 0

-----
View
0.99875 0 0 0
0 1 0 0
-0.0499792 0 -0.99875 0
0 0 0 1

right: 0.99875 0 -0.0499792
direction: -0.0499792 0 -0.99875
target: 0 0 -1
up: 0 1 0
position: 0 0 0
_up: 0 1 0

-----
View
0.9982 0 0 0
0 1 0 0
-0.059964 0 -0.9982 0
0 0 0 1

right: 0.9982 0 -0.059964
direction: -0.059964 0 -0.9982
target: 0 0 -1
up: 0 1 0
position: 0 0 0
_up: 0 1 0

-----
View
0.997551 0 0 0
0 1 0 0
-0.0699428 0 -0.997551 0
0 0 0 1

right: 0.997551 0 -0.0699428
direction: -0.0699428 0 -0.997551
target: 0 0 -1
up: 0 1 0
position: 0 0 0
_up: 0 1 0

-----
View
0.996802 0 0 0
0 1 0 0
-0.0799147 0 -0.996802 0
0 0 0 1

right: 0.996802 0 -0.0799147
direction: -0.0799147 0 -0.996802
target: 0 0 -1
up: 0 1 0
position: 0 0 0
_up: 0 1 0

-----
View
0.995953 0 0 0
0 1 0 0
-0.0898785 0 -0.995953 0
0 0 0 1

right: 0.995953 0 -0.0898785
direction: -0.0898785 0 -0.995953
target: 0 0 -1
up: 0 1 0
position: 0 0 0
_up: 0 1 0

-----
View
0.995004 0 0 0
0 1 0 0
-0.0998334 0 -0.995004 0
0 0 0 1

right: 0.995004 0 -0.0998334
direction: -0.0998334 0 -0.995004
target: 0 0 -1
up: 0 1 0
position: 0 0 0
_up: 0 1 0

-----
View
0.993956 0 0 0
0 1 0 0
-0.109778 0 -0.993956 0
0 0 0 1

right: 0.993956 0 -0.109778
direction: -0.109778 0 -0.993956
target: 0 0 -1
up: 0 1 0
position: 0 0 0
_up: 0 1 0

-----
View
0.992809 0 0 0
0 1 0 0
-0.119712 0 -0.992809 0
0 0 0 1

right: 0.992809 0 -0.119712
direction: -0.119712 0 -0.992809
target: 0 0 -1
up: 0 1 0
position: 0 0 0
_up: 0 1 0

-----
View
0.991562 0 0 0
0 1 0 0
-0.129634 0 -0.991562 0
0 0 0 1

right: 0.991562 0 -0.129634
direction: -0.129634 0 -0.991562
target: 0 0 -1
up: 0 1 0
position: 0 0 0
_up: 0 1 0

-----
View
0.990216 0 0 0
0 1 0 0
-0.139543 0 -0.990216 0
0 0 0 1

right: 0.990216 0 -0.139543
direction: -0.139543 0 -0.990216
target: 0 0 -1
up: 0 1 0
position: 0 0 0
_up: 0 1 0

-----
View
0.988771 0 0 0
0 1 0 0
-0.149438 0 -0.988771 0
0 0 0 1

right: 0.988771 0 -0.149438
direction: -0.149438 0 -0.988771
target: 0 0 -1
up: 0 1 0
position: 0 0 0
_up: 0 1 0

-----
View
0.987227 0 0 0
0 1 0 0
-0.159318 0 -0.987227 0
0 0 0 1

right: 0.987227 0 -0.159318
direction: -0.159318 0 -0.987227
target: 0 0 -1
up: 0 1 0
position: 0 0 0
_up: 0 1 0

-----
View
0.985585 0 0 0
0 1 0 0
-0.169182 0 -0.985585 0
0 0 0 1

right: 0.985585 0 -0.169182
direction: -0.169182 0 -0.985585
target: 0 0 -1
up: 0 1 0
position: 0 0 0
_up: 0 1 0

-----
View
0.983844 0 0 0
0 1 0 0
-0.17903 0 -0.983844 0
0 0 0 1

right: 0.983844 0 -0.17903
direction: -0.17903 0 -0.983844
target: 0 0 -1
up: 0 1 0
position: 0 0 0
_up: 0 1 0

-----
View
0.982004 0 0 0
0 1 0 0
-0.188859 0 -0.982004 0
0 0 0 1

right: 0.982004 0 -0.188859
direction: -0.188859 0 -0.982004
target: 0 0 -1
up: 0 1 0
position: 0 0 0
_up: 0 1 0

-----
View
0.980066 0 0 0
0 1 0 0
-0.198669 0 -0.980066 0
0 0 0 1

right: 0.980066 0 -0.198669
direction: -0.198669 0 -0.980066
target: 0 0 -1
up: 0 1 0
position: 0 0 0
_up: 0 1 0

-----
View
0.978031 0 0 0
0 1 0 0
-0.20846 0 -0.978031 0
0 0 0 1

right: 0.978031 0 -0.20846
direction: -0.20846 0 -0.978031
target: 0 0 -1
up: 0 1 0
position: 0 0 0
_up: 0 1 0

-----
View
0.975897 0 0 0
0 1 0 0
-0.21823 0 -0.975897 0
0 0 0 1

right: 0.975897 0 -0.21823
direction: -0.21823 0 -0.975897
target: 0 0 -1
up: 0 1 0
position: 0 0 0
_up: 0 0.999999 0

-----
View
0.973666 0 0 0
0 0.999999 0 0
-0.227977 0 -0.973666 0
0 0 0 1

right: 0.973666 0 -0.227977
direction: -0.227977 0 -0.973666
target: 0 0 -1
up: 0 1 0
position: 0 0 0
_up: 0 0.999999 0

-----
View
0.971338 0 0 0
0 0.999999 0 0
-0.237703 0 -0.971338 0
0 0 0 1

right: 0.971338 0 -0.237703
direction: -0.237703 0 -0.971338
target: 0 0 -1
up: 0 1 0
position: 0 0 0
_up: 0 0.999999 0

-----
View
0.968912 0 0 0
0 0.999999 0 0
-0.247404 0 -0.968912 0
0 0 0 1

right: 0.968912 0 -0.247404
direction: -0.247404 0 -0.968912
target: 0 0 -1
up: 0 1 0
position: 0 0 0
_up: 0 0.999999 0

-----
View
0.96639 0 0 0
0 0.999999 0 0
-0.25708 0 -0.96639 0
0 0 0 1

right: 0.96639 0 -0.25708
direction: -0.25708 0 -0.96639
target: 0 0 -1
up: 0 1 0
position: 0 0 0
_up: 0 0.999999 0

-----
View
0.963771 0 0 0
0 0.999999 0 0
-0.266731 0 -0.963771 0
0 0 0 1

right: 0.963771 0 -0.266731
direction: -0.266731 0 -0.963771
target: 0 0 -1
up: 0 1 0
position: 0 0 0
_up: 0 0.999999 0

-----
View
0.961055 0 0 0
0 0.999999 0 0
-0.276356 0 -0.961055 0
0 0 0 1

right: 0.961055 0 -0.276356
direction: -0.276356 0 -0.961055
target: 0 0 -1
up: 0 1 0
position: 0 0 0
_up: 0 0.999999 0

-----
View
0.958244 0 0 0
0 0.999999 0 0
-0.285952 0 -0.958244 0
0 0 0 1

right: 0.958244 0 -0.285952
direction: -0.285952 0 -0.958244
target: 0 0 -1
up: 0 1 0
position: 0 0 0
_up: 0 0.999999 0

-----
View
0.955336 0 0 0
0 0.999999 0 0
-0.29552 0 -0.955336 0
0 0 0 1

right: 0.955336 0 -0.29552
direction: -0.29552 0 -0.955336
target: 0 0 -1
up: 0 1 0
position: 0 0 0
_up: 0 0.999999 0

-----
View
0.952333 0 0 0
0 0.999999 0 0
-0.305059 0 -0.952333 0
0 0 0 1

right: 0.952333 0 -0.305059
direction: -0.305059 0 -0.952333
target: 0 0 -1
up: 0 1 0
position: 0 0 0
_up: 0 0.999999 0

-----
View
0.949235 0 0 0
0 0.999999 0 0
-0.314566 0 -0.949235 0
0 0 0 1

right: 0.949235 0 -0.314566
direction: -0.314566 0 -0.949235
target: 0 0 -1
up: 0 1 0
position: 0 0 0
_up: 0 0.999999 0

-----
View
0.946042 0 0 0
0 0.999999 0 0
-0.324043 0 -0.946042 0
0 0 0 1

right: 0.946042 0 -0.324043
direction: -0.324043 0 -0.946042
target: 0 0 -1
up: 0 1 0
position: 0 0 0
_up: 0 0.999999 0

-----
View
0.942754 0 0 0
0 0.999999 0 0
-0.333487 0 -0.942754 0
0 0 0 1

right: 0.942754 0 -0.333487
direction: -0.333487 0 -0.942754
target: 0 0 -1
up: 0 1 0
position: 0 0 0
_up: 0 0.999999 0

-----
View
0.939372 0 0 0
0 0.999999 0 0
-0.342898 0 -0.939372 0
0 0 0 1

right: 0.939372 0 -0.342898
direction: -0.342898 0 -0.939372
target: 0 0 -1
up: 0 1 0
position: 0 0 0
_up: 0 0.999999 0

-----
View
0.935896 0 0 0
0 0.999999 0 0
-0.352274 0 -0.935896 0
0 0 0 1

right: 0.935896 0 -0.352274
direction: -0.352274 0 -0.935896
target: 0 0 -1
up: 0 1 0
position: 0 0 0
_up: 0 0.999999 0

-----
View
0.932327 0 0 0
0 0.999999 0 0
-0.361615 0 -0.932327 0
0 0 0 1

right: 0.932327 0 -0.361615
direction: -0.361615 0 -0.932327
target: 0 0 -1
up: 0 1 0
position: 0 0 0
_up: 0 0.999999 0

-----
View
0.928664 0 0 0
0 0.999999 0 0
-0.37092 0 -0.928664 0
0 0 0 1

right: 0.928664 0 -0.37092
direction: -0.37092 0 -0.928664
target: 0 0 -1
up: 0 1 0
position: 0 0 0
_up: 0 0.999999 0

-----
View
0.924909 0 0 0
0 0.999999 0 0
-0.380188 0 -0.924909 0
0 0 0 1

right: 0.924909 0 -0.380188
direction: -0.380188 0 -0.924909
target: 0 0 -1
up: 0 1 0
position: 0 0 0
_up: 0 0.999999 0

-----
View
0.921061 0 0 0
0 0.999999 0 0
-0.389418 0 -0.921061 0
0 0 0 1

right: 0.921061 0 -0.389418
direction: -0.389418 0 -0.921061
target: 0 0 -1
up: 0 1 0
position: 0 0 0
_up: 0 0.999999 0

-----
View
0.91712 0 0 0
0 0.999999 0 0
-0.398609 0 -0.91712 0
0 0 0 1

right: 0.91712 0 -0.398609
direction: -0.398609 0 -0.91712
target: 0 0 -1
up: 0 1 0
position: 0 0 0
_up: 0 0.999999 0

-----
View
0.913089 0 0 0
0 0.999999 0 0
-0.40776 0 -0.913089 0
0 0 0 1

right: 0.913089 0 -0.40776
direction: -0.40776 0 -0.913089
target: 0 0 -1
up: 0 1 0
position: 0 0 0
_up: 0 0.999999 0

-----
View
0.908965 0 0 0
0 0.999999 0 0
-0.416871 0 -0.908965 0
0 0 0 1

right: 0.908965 0 -0.416871
direction: -0.416871 0 -0.908965
target: 0 0 -1
up: 0 1 0
position: 0 0 0
_up: 0 0.999999 0

-----
View
0.904751 0 0 0
0 0.999999 0 0
-0.425939 0 -0.904751 0
0 0 0 1

right: 0.904751 0 -0.425939
direction: -0.425939 0 -0.904751
target: 0 0 -1
up: 0 1 0
position: 0 0 0
_up: 0 0.999999 0

-----
View
0.900447 0 0 0
0 0.999999 0 0
-0.434965 0 -0.900447 0
0 0 0 1

right: 0.900447 0 -0.434965
direction: -0.434965 0 -0.900447
target: 0 0 -1
up: 0 1 0
position: 0 0 0
_up: 0 0.999999 0

-----
View
0.896052 0 0 0
0 0.999999 0 0
-0.443948 0 -0.896052 0
0 0 0 1

right: 0.896052 0 -0.443948
direction: -0.443948 0 -0.896052
target: 0 0 -1
up: 0 1 0
position: 0 0 0
_up: 0 0.999999 0

-----
View
0.891568 0 0 0
0 0.999999 0 0
-0.452886 0 -0.891568 0
0 0 0 1

right: 0.891568 0 -0.452886
direction: -0.452886 0 -0.891568
target: 0 0 -1
up: 0 1 0
position: 0 0 0
_up: 0 0.999999 0

-----
View
0.886995 0 0 0
0 0.999999 0 0
-0.461779 0 -0.886995 0
0 0 0 1

right: 0.886995 0 -0.461779
direction: -0.461779 0 -0.886995
target: 0 0 -1
up: 0 1 0
position: 0 0 0
_up: 0 0.999999 0

-----
View
0.882333 0 0 0
0 0.999999 0 0
-0.470626 0 -0.882333 0
0 0 0 1

right: 0.882333 0 -0.470626
direction: -0.470626 0 -0.882333
target: 0 0 -1
up: 0 1 0
position: 0 0 0
_up: 0 0.999999 0

-----
View
0.877582 0 0 0
0 0.999999 0 0
-0.479425 0 -0.877582 0
0 0 0 1

right: 0.877582 0 -0.479425
direction: -0.479425 0 -0.877582
target: 0 0 -1
up: 0 1 0
position: 0 0 0
_up: 0 0.999999 0

-----
View
0.872744 0 0 0
0 0.999999 0 0
-0.488177 0 -0.872744 0
0 0 0 1

right: 0.872744 0 -0.488177
direction: -0.488177 0 -0.872744
target: 0 0 -1
up: 0 1 0
position: 0 0 0
_up: 0 0.999999 0

-----
View
0.867819 0 0 0
0 0.999999 0 0
-0.49688 0 -0.867819 0
0 0 0 1

right: 0.867819 0 -0.49688
direction: -0.49688 0 -0.867819
target: 0 0 -1
up: 0 1 0
position: 0 0 0
_up: 0 0.999999 0

-----
View
0.862807 0 0 0
0 0.999999 0 0
-0.505533 0 -0.862807 0
0 0 0 1

right: 0.862807 0 -0.505533
direction: -0.505533 0 -0.862807
target: 0 0 -1
up: 0 1 0
position: 0 0 0
_up: 0 0.999999 0

-----
View
0.857708 0 0 0
0 0.999999 0 0
-0.514136 0 -0.857708 0
0 0 0 1

right: 0.857708 0 -0.514136
direction: -0.514136 0 -0.857708
target: 0 0 -1
up: 0 1 0
position: 0 0 0
_up: 0 0.999999 0

-----
View
0.852524 0 0 0
0 0.999999 0 0
-0.522687 0 -0.852524 0
0 0 0 1

right: 0.852524 0 -0.522687
direction: -0.522687 0 -0.852524
target: 0 0 -1
up: 0 1 0
position: 0 0 0
_up: 0 0.999999 0

-----
View
0.847255 0 0 0
0 0.999999 0 0
-0.531186 0 -0.847255 0
0 0 0 1

right: 0.847255 0 -0.531186
direction: -0.531186 0 -0.847255
target: 0 0 -1
up: 0 1 0
position: 0 0 0
_up: 0 0.999999 0

-----
View
0.841901 0 0 0
0 0.999999 0 0
-0.539632 0 -0.841901 0
0 0 0 1

right: 0.841901 0 -0.539632
direction: -0.539632 0 -0.841901
target: 0 0 -1
up: 0 1 0
position: 0 0 0
_up: 0 0.999999 0

-----
View
0.836462 0 0 0
0 0.999999 0 0
-0.548024 0 -0.836462 0
0 0 0 1

right: 0.836462 0 -0.548024
direction: -0.548024 0 -0.836462
target: 0 0 -1
up: 0 1 0
position: 0 0 0
_up: 0 0.999999 0

-----
View
0.83094 0 0 0
0 0.999999 0 0
-0.556361 0 -0.83094 0
0 0 0 1

right: 0.83094 0 -0.556361
direction: -0.556361 0 -0.83094
target: 0 0 -1
up: 0 1 0
position: 0 0 0
_up: 0 0.999999 0

-----
View
0.825335 0 0 0
0 0.999999 0 0
-0.564642 0 -0.825335 0
0 0 0 1

right: 0.825335 0 -0.564642
direction: -0.564642 0 -0.825335
target: 0 0 -1
up: 0 1 0
position: 0 0 0
_up: 0 0.999999 0

-----
View
0.819648 0 0 0
0 0.999999 0 0
-0.572867 0 -0.819648 0
0 0 0 1

right: 0.819648 0 -0.572867
direction: -0.572867 0 -0.819648
target: 0 0 -1
up: 0 1 0
position: 0 0 0
_up: 0 0.999999 0

-----
View
0.813878 0 0 0
0 0.999999 0 0
-0.581035 0 -0.813878 0
0 0 0 1

right: 0.813878 0 -0.581035
direction: -0.581035 0 -0.813878
target: 0 0 -1
up: 0 1 0
position: 0 0 0
_up: 0 0.999999 0

-----
View
0.808027 0 0 0
0 0.999999 0 0
-0.589144 0 -0.808027 0
0 0 0 1

right: 0.808027 0 -0.589144
direction: -0.589144 0 -0.808027
target: 0 0 -1
up: 0 1 0
position: 0 0 0
_up: 0 0.999999 0

-----
View
0.802095 0 0 0
0 0.999999 0 0
-0.597195 0 -0.802095 0
0 0 0 1

right: 0.802095 0 -0.597195
direction: -0.597195 0 -0.802095
target: 0 0 -1
up: 0 1 0
position: 0 0 0
_up: 0 0.999999 0

-----
View
0.796083 0 0 0
0 0.999999 0 0
-0.605186 0 -0.796083 0
0 0 0 1

right: 0.796083 0 -0.605186
direction: -0.605186 0 -0.796083
target: 0 0 -1
up: 0 1 0
position: 0 0 0
_up: 0 0.999999 0

-----
View
0.789992 0 0 0
0 0.999999 0 0
-0.613116 0 -0.789992 0
0 0 0 1

right: 0.789992 0 -0.613116
direction: -0.613116 0 -0.789992
target: 0 0 -1
up: 0 1 0
position: 0 0 0
_up: 0 0.999999 0

-----
View
0.783821 0 0 0
0 0.999999 0 0
-0.620986 0 -0.783821 0
0 0 0 1

right: 0.783821 0 -0.620986
direction: -0.620986 0 -0.783821
target: 0 0 -1
up: 0 1 0
position: 0 0 0
_up: 0 0.999999 0

-----
View
0.777572 0 0 0
0 0.999999 0 0
-0.628793 0 -0.777572 0
0 0 0 1

right: 0.777572 0 -0.628793
direction: -0.628793 0 -0.777572
target: 0 0 -1
up: 0 1 0
position: 0 0 0
_up: 0 0.999999 0

-----
View
0.771246 0 0 0
0 0.999999 0 0
-0.636537 0 -0.771246 0
0 0 0 1

right: 0.771246 0 -0.636537
direction: -0.636537 0 -0.771246
target: 0 0 -1
up: 0 1 0
position: 0 0 0
_up: 0 0.999999 0

-----
View
0.764842 0 0 0
0 0.999999 0 0
-0.644217 0 -0.764842 0
0 0 0 1

right: 0.764842 0 -0.644217
direction: -0.644217 0 -0.764842
target: 0 0 -1
up: 0 1 0
position: 0 0 0
_up: 0 0.999999 0

-----
View
0.758361 0 0 0
0 0.999999 0 0
-0.651833 0 -0.758361 0
0 0 0 1

right: 0.758361 0 -0.651833
direction: -0.651833 0 -0.758361
target: 0 0 -1
up: 0 1 0
position: 0 0 0
_up: 0 0.999999 0

-----
View
0.751805 0 0 0
0 0.999999 0 0
-0.659384 0 -0.751805 0
0 0 0 1

right: 0.751805 0 -0.659384
direction: -0.659384 0 -0.751805
target: 0 0 -1
up: 0 1 0
position: 0 0 0
_up: 0 0.999999 0

-----
View
0.745174 0 0 0
0 0.999999 0 0
-0.666869 0 -0.745174 0
0 0 0 1

right: 0.745174 0 -0.666869
direction: -0.666869 0 -0.745174
target: 0 0 -1
up: 0 1 0
position: 0 0 0
_up: 0 0.999999 0

-----
View
0.738468 0 0 0
0 0.999999 0 0
-0.674287 0 -0.738468 0
0 0 0 1

right: 0.738468 0 -0.674287
direction: -0.674287 0 -0.738468
target: 0 0 -1
up: 0 1 0
position: 0 0 0
_up: 0 0.999998 0

-----
View
0.731688 0 0 0
0 0.999998 0 0
-0.681638 0 -0.731688 0
0 0 0 1

right: 0.731688 0 -0.681638
direction: -0.681638 0 -0.731688
target: 0 0 -1
up: 0 1 0
position: 0 0 0
_up: 0 0.999998 0

-----
View
0.724836 0 0 0
0 0.999998 0 0
-0.688921 0 -0.724836 0
0 0 0 1

right: 0.724836 0 -0.688921
direction: -0.688921 0 -0.724836
target: 0 0 -1
up: 0 1 0
position: 0 0 0
_up: 0 0.999998 0

-----
View
0.71791 0 0 0
0 0.999998 0 0
-0.696135 0 -0.71791 0
0 0 0 1

right: 0.71791 0 -0.696135
direction: -0.696135 0 -0.71791
target: 0 0 -1
up: 0 1 0
position: 0 0 0
_up: 0 0.999998 0

-----
View
0.710913 0 0 0
0 0.999998 0 0
-0.703279 0 -0.710913 0
0 0 0 1

right: 0.710913 0 -0.703279
direction: -0.703279 0 -0.710913
target: 0 0 -1
up: 0 1 0
position: 0 0 0
_up: 0 0.999998 0

-----
View
0.703845 0 0 0
0 0.999998 0 0
-0.710353 0 -0.703845 0
0 0 0 1

right: 0.703845 0 -0.710353
direction: -0.710353 0 -0.703845
target: 0 0 -1
up: 0 1 0
position: 0 0 0
_up: 0 0.999998 0

-----
View
0.696706 0 0 0
0 0.999998 0 0
-0.717355 0 -0.696706 0
0 0 0 1

right: 0.696706 0 -0.717355
direction: -0.717355 0 -0.696706
target: 0 0 -1
up: 0 1 0
position: 0 0 0
_up: 0 0.999998 0

-----
View
0.689498 0 0 0
0 0.999998 0 0
-0.724286 0 -0.689498 0
0 0 0 1

right: 0.689498 0 -0.724286
direction: -0.724286 0 -0.689498
target: 0 0 -1
up: 0 1 0
position: 0 0 0
_up: 0 0.999998 0

-----
View
0.682221 0 0 0
0 0.999998 0 0
-0.731145 0 -0.682221 0
0 0 0 1

right: 0.682221 0 -0.731145
direction: -0.731145 0 -0.682221
target: 0 0 -1
up: 0 1 0
position: 0 0 0
_up: 0 0.999998 0

-----
View
0.674875 0 0 0
0 0.999998 0 0
-0.737931 0 -0.674875 0
0 0 0 1

right: 0.674875 0 -0.737931
direction: -0.737931 0 -0.674875
target: 0 0 -1
up: 0 1 0
position: 0 0 0
_up: 0 0.999998 0

-----
View
0.667462 0 0 0
0 0.999998 0 0
-0.744642 0 -0.667462 0
0 0 0 1

right: 0.667462 0 -0.744642
direction: -0.744642 0 -0.667462
target: 0 0 -1
up: 0 1 0
position: 0 0 0
_up: 0 0.999998 0

-----
View
0.659983 0 0 0
0 0.999998 0 0
-0.75128 0 -0.659983 0
0 0 0 1

right: 0.659983 0 -0.75128
direction: -0.75128 0 -0.659983
target: 0 0 -1
up: 0 1 0
position: 0 0 0
_up: 0 0.999998 0

-----
View
0.652437 0 0 0
0 0.999998 0 0
-0.757842 0 -0.652437 0
0 0 0 1

right: 0.652437 0 -0.757842
direction: -0.757842 0 -0.652437
target: 0 0 -1
up: 0 1 0
position: 0 0 0
_up: 0 0.999998 0

-----
View
0.644826 0 0 0
0 0.999998 0 0
-0.764328 0 -0.644826 0
0 0 0 1

right: 0.644826 0 -0.764328
direction: -0.764328 0 -0.644826
target: 0 0 -1
up: 0 1 0
position: 0 0 0
_up: 0 0.999998 0

-----
View
0.637151 0 0 0
0 0.999998 0 0
-0.770738 0 -0.637151 0
0 0 0 1

right: 0.637151 0 -0.770738
direction: -0.770738 0 -0.637151
target: 0 0 -1
up: 0 1 0
position: 0 0 0
_up: 0 0.999998 0

-----
View
0.629412 0 0 0
0 0.999998 0 0
-0.777071 0 -0.629412 0
0 0 0 1

right: 0.629412 0 -0.777071
direction: -0.777071 0 -0.629412
target: 0 0 -1
up: 0 1 0
position: 0 0 0
_up: 0 0.999998 0

-----
View
0.62161 0 0 0
0 0.999998 0 0
-0.783326 0 -0.62161 0
0 0 0 1

right: 0.62161 0 -0.783326
direction: -0.783326 0 -0.62161
target: 0 0 -1
up: 0 1 0
position: 0 0 0
_up: 0 0.999998 0

-----
View
0.613745 0 0 0
0 0.999998 0 0
-0.789503 0 -0.613745 0
0 0 0 1

right: 0.613745 0 -0.789503
direction: -0.789503 0 -0.613745
target: 0 0 -1
up: 0 1 0
position: 0 0 0
_up: 0 0.999998 0

-----
View
0.60582 0 0 0
0 0.999998 0 0
-0.795601 0 -0.60582 0
0 0 0 1

right: 0.60582 0 -0.795601
direction: -0.795601 0 -0.60582
target: 0 0 -1
up: 0 1 0
position: 0 0 0
_up: 0 0.999998 0

-----
View
0.597834 0 0 0
0 0.999998 0 0
-0.801619 0 -0.597834 0
0 0 0 1

right: 0.597834 0 -0.801619
direction: -0.801619 0 -0.597834
target: 0 0 -1
up: 0 1 0
position: 0 0 0
_up: 0 0.999998 0

-----
View
0.589788 0 0 0
0 0.999998 0 0
-0.807557 0 -0.589788 0
0 0 0 1

right: 0.589788 0 -0.807557
direction: -0.807557 0 -0.589788
target: 0 0 -1
up: 0 1 0
position: 0 0 0
_up: 0 0.999998 0

-----
View
0.581683 0 0 0
0 0.999998 0 0
-0.813415 0 -0.581683 0
0 0 0 1

right: 0.581683 0 -0.813415
direction: -0.813415 0 -0.581683
target: 0 0 -1
up: 0 1 0
position: 0 0 0
_up: 0 0.999998 0

-----
View
0.57352 0 0 0
0 0.999998 0 0
-0.819191 0 -0.57352 0
0 0 0 1

right: 0.57352 0 -0.819191
direction: -0.819191 0 -0.57352
target: 0 0 -1
up: 0 1 0
position: 0 0 0
_up: 0 0.999998 0

-----
View
0.565299 0 0 0
0 0.999998 0 0
-0.824885 0 -0.565299 0
0 0 0 1

right: 0.565299 0 -0.824885
direction: -0.824885 0 -0.565299
target: 0 0 -1
up: 0 1 0
position: 0 0 0
_up: 0 0.999998 0

-----
View
0.557022 0 0 0
0 0.999998 0 0
-0.830496 0 -0.557022 0
0 0 0 1

right: 0.557022 0 -0.830496
direction: -0.830496 0 -0.557022
target: 0 0 -1
up: 0 1 0
position: 0 0 0
_up: 0 0.999998 0

-----
View
0.54869 0 0 0
0 0.999998 0 0
-0.836025 0 -0.54869 0
0 0 0 1

right: 0.54869 0 -0.836025
direction: -0.836025 0 -0.54869
target: 0 0 -1
up: 0 1 0
position: 0 0 0
_up: 0 0.999998 0

-----
View
0.540302 0 0 0
0 0.999998 0 0
-0.84147 0 -0.540302 0
0 0 0 1

right: 0.540302 0 -0.84147
direction: -0.84147 0 -0.540302
target: 0 0 -1
up: 0 1 0
position: 0 0 0
_up: 0 0.999998 0

-----
View
0.53186 0 0 0
0 0.999998 0 0
-0.846831 0 -0.53186 0
0 0 0 1

right: 0.53186 0 -0.846831
direction: -0.846831 0 -0.53186
target: 0 0 -1
up: 0 1 0
position: 0 0 0
_up: 0 0.999998 0

-----
View
0.523366 0 0 0
0 0.999998 0 0
-0.852107 0 -0.523366 0
0 0 0 1

right: 0.523366 0 -0.852107
direction: -0.852107 0 -0.523366
target: 0 0 -1
up: 0 1 0
position: 0 0 0
_up: 0 0.999998 0

-----
View
0.514819 0 0 0
0 0.999998 0 0
-0.857298 0 -0.514819 0
0 0 0 1

right: 0.514819 0 -0.857298
direction: -0.857298 0 -0.514819
target: 0 0 -1
up: 0 1 0
position: 0 0 0
_up: 0 0.999998 0

-----
View
0.50622 0 0 0
0 0.999998 0 0
-0.862403 0 -0.50622 0
0 0 0 1

right: 0.50622 0 -0.862403
direction: -0.862403 0 -0.50622
target: 0 0 -1
up: 0 1 0
position: 0 0 0
_up: 0 0.999998 0

-----
View
0.497571 0 0 0
0 0.999998 0 0
-0.867422 0 -0.497571 0
0 0 0 1

right: 0.497571 0 -0.867422
direction: -0.867422 0 -0.497571
target: 0 0 -1
up: 0 1 0
position: 0 0 0
_up: 0 0.999998 0

-----
View
0.488872 0 0 0
0 0.999998 0 0
-0.872355 0 -0.488872 0
0 0 0 1

right: 0.488872 0 -0.872355
direction: -0.872355 0 -0.488872
target: 0 0 -1
up: 0 1 0
position: 0 0 0
_up: 0 0.999998 0

-----
View
0.480124 0 0 0
0 0.999998 0 0
-0.8772 0 -0.480124 0
0 0 0 1

right: 0.480124 0 -0.8772
direction: -0.8772 0 -0.480124
target: 0 0 -1
up: 0 1 0
position: 0 0 0
_up: 0 0.999998 0

-----
View
0.471328 0 0 0
0 0.999998 0 0
-0.881957 0 -0.471328 0
0 0 0 1

right: 0.471328 0 -0.881957
direction: -0.881957 0 -0.471328
target: 0 0 -1
up: 0 1 0
position: 0 0 0
_up: 0 0.999998 0

-----
View
0.462485 0 0 0
0 0.999998 0 0
-0.886626 0 -0.462485 0
0 0 0 1

right: 0.462485 0 -0.886626
direction: -0.886626 0 -0.462485
target: 0 0 -1
up: 0 1 0
position: 0 0 0
_up: 0 0.999998 0

-----
View
0.453596 0 0 0
0 0.999998 0 0
-0.891206 0 -0.453596 0
0 0 0 1

right: 0.453596 0 -0.891206
direction: -0.891206 0 -0.453596
target: 0 0 -1
up: 0 1 0
position: 0 0 0
_up: 0 0.999998 0

-----
View
0.444661 0 0 0
0 0.999998 0 0
-0.895698 0 -0.444661 0
0 0 0 1

right: 0.444661 0 -0.895698
direction: -0.895698 0 -0.444661
target: 0 0 -1
up: 0 1 0
position: 0 0 0
_up: 0 0.999998 0

-----
View
0.435682 0 0 0
0 0.999998 0 0
-0.900099 0 -0.435682 0
0 0 0 1

right: 0.435682 0 -0.900099
direction: -0.900099 0 -0.435682
target: 0 0 -1
up: 0 1 0
position: 0 0 0
_up: 0 0.999998 0

-----
View
0.42666 0 0 0
0 0.999998 0 0
-0.904411 0 -0.42666 0
0 0 0 1

right: 0.42666 0 -0.904411
direction: -0.904411 0 -0.42666
target: 0 0 -1
up: 0 1 0
position: 0 0 0
_up: 0 0.999998 0

-----
View
0.417594 0 0 0
0 0.999998 0 0
-0.908632 0 -0.417594 0
0 0 0 1

right: 0.417594 0 -0.908632
direction: -0.908632 0 -0.417594
target: 0 0 -1
up: 0 1 0
position: 0 0 0
_up: 0 0.999998 0

-----
View
0.408487 0 0 0
0 0.999998 0 0
-0.912763 0 -0.408487 0
0 0 0 1

right: 0.408487 0 -0.912763
direction: -0.912763 0 -0.408487
target: 0 0 -1
up: 0 1 0
position: 0 0 0
_up: 0 0.999998 0

-----
View
0.399339 0 0 0
0 0.999998 0 0
-0.916802 0 -0.399339 0
0 0 0 1

right: 0.399339 0 -0.916802
direction: -0.916802 0 -0.399339
target: 0 0 -1
up: 0 1 0
position: 0 0 0
_up: 0 0.999998 0

-----
View
0.390152 0 0 0
0 0.999998 0 0
-0.92075 0 -0.390152 0
0 0 0 1

right: 0.390152 0 -0.92075
direction: -0.92075 0 -0.390152
target: 0 0 -1
up: 0 1 0
position: 0 0 0
_up: 0 0.999998 0

-----
View
0.380925 0 0 0
0 0.999998 0 0
-0.924605 0 -0.380925 0
0 0 0 1

right: 0.380925 0 -0.924605
direction: -0.924605 0 -0.380925
target: 0 0 -1
up: 0 1 0
position: 0 0 0
_up: 0 0.999998 0

-----
View
0.37166 0 0 0
0 0.999998 0 0
-0.928368 0 -0.37166 0
0 0 0 1

right: 0.37166 0 -0.928368
direction: -0.928368 0 -0.37166
target: 0 0 -1
up: 0 1 0
position: 0 0 0
_up: 0 0.999998 0

-----
View
0.362358 0 0 0
0 0.999998 0 0
-0.932038 0 -0.362358 0
0 0 0 1

right: 0.362358 0 -0.932038
direction: -0.932038 0 -0.362358
target: 0 0 -1
up: 0 1 0
position: 0 0 0
_up: 0 0.999998 0

-----
View
0.353019 0 0 0
0 0.999998 0 0
-0.935615 0 -0.353019 0
0 0 0 1

right: 0.353019 0 -0.935615
direction: -0.935615 0 -0.353019
target: 0 0 -1
up: 0 1 0
position: 0 0 0
_up: 0 0.999998 0

-----
View
0.343646 0 0 0
0 0.999998 0 0
-0.939098 0 -0.343646 0
0 0 0 1

right: 0.343646 0 -0.939098
direction: -0.939098 0 -0.343646
target: 0 0 -1
up: 0 1 0
position: 0 0 0
_up: 0 0.999998 0

-----
View
0.334238 0 0 0
0 0.999998 0 0
-0.942488 0 -0.334238 0
0 0 0 1

right: 0.334238 0 -0.942488
direction: -0.942488 0 -0.334238
target: 0 0 -1
up: 0 1 0
position: 0 0 0
_up: 0 0.999998 0

-----
View
0.324796 0 0 0
0 0.999998 0 0
-0.945783 0 -0.324796 0
0 0 0 1

right: 0.324796 0 -0.945783
direction: -0.945783 0 -0.324796
target: 0 0 -1
up: 0 1 0
position: 0 0 0
_up: 0 0.999998 0

-----
View
0.315322 0 0 0
0 0.999998 0 0
-0.948983 0 -0.315322 0
0 0 0 1

right: 0.315322 0 -0.948983
direction: -0.948983 0 -0.315322
target: 0 0 -1
up: 0 1 0
position: 0 0 0
_up: 0 0.999998 0

-----
View
0.305817 0 0 0
0 0.999998 0 0
-0.952089 0 -0.305817 0
0 0 0 1

right: 0.305817 0 -0.952089
direction: -0.952089 0 -0.305817
target: 0 0 -1
up: 0 1 0
position: 0 0 0
_up: 0 0.999998 0

-----
View
0.296281 0 0 0
0 0.999998 0 0
-0.9551 0 -0.296281 0
0 0 0 1

right: 0.296281 0 -0.9551
direction: -0.9551 0 -0.296281
target: 0 0 -1
up: 0 1 0
position: 0 0 0
_up: 0 0.999998 0

-----
View
0.286715 0 0 0
0 0.999998 0 0
-0.958015 0 -0.286715 0
0 0 0 1

right: 0.286715 0 -0.958015
direction: -0.958015 0 -0.286715
target: 0 0 -1
up: 0 1 0
position: 0 0 0
_up: 0 0.999998 0

-----
View
0.277121 0 0 0
0 0.999998 0 0
-0.960834 0 -0.277121 0
0 0 0 1

right: 0.277121 0 -0.960834
direction: -0.960834 0 -0.277121
target: 0 0 -1
up: 0 1 0
position: 0 0 0
_up: 0 0.999998 0

-----
View
0.267499 0 0 0
0 0.999998 0 0
-0.963557 0 -0.267499 0
0 0 0 1

right: 0.267499 0 -0.963557
direction: -0.963557 0 -0.267499
target: 0 0 -1
up: 0 1 0
position: 0 0 0
_up: 0 0.999998 0

-----
View
0.25785 0 0 0
0 0.999998 0 0
-0.966184 0 -0.25785 0
0 0 0 1

right: 0.25785 0 -0.966184
direction: -0.966184 0 -0.25785
target: 0 0 -1
up: 0 1 0
position: 0 0 0
_up: 0 0.999998 0

-----
View
0.248175 0 0 0
0 0.999998 0 0
-0.968714 0 -0.248175 0
0 0 0 1

right: 0.248175 0 -0.968714
direction: -0.968714 0 -0.248175
target: 0 0 -1
up: 0 1 0
position: 0 0 0
_up: 0 0.999998 0

-----
View
0.238476 0 0 0
0 0.999998 0 0
-0.971147 0 -0.238476 0
0 0 0 1

right: 0.238476 0 -0.971147
direction: -0.971147 0 -0.238476
target: 0 0 -1
up: 0 1 0
position: 0 0 0
_up: 0 0.999998 0

-----
View
0.228753 0 0 0
0 0.999998 0 0
-0.973483 0 -0.228753 0
0 0 0 1

right: 0.228753 0 -0.973483
direction: -0.973483 0 -0.228753
target: 0 0 -1
up: 0 1 0
position: 0 0 0
_up: 0 0.999997 0

-----
View
0.219007 0 0 0
0 0.999997 0 0
-0.975722 0 -0.219007 0
0 0 0 1

right: 0.219007 0 -0.975722
direction: -0.975722 0 -0.219007
target: 0 0 -1
up: 0 1 0
position: 0 0 0
_up: 0 0.999997 0

-----
View
0.209239 0 0 0
0 0.999997 0 0
-0.977863 0 -0.209239 0
0 0 0 1

right: 0.209239 0 -0.977863
direction: -0.977863 0 -0.209239
target: 0 0 -1
up: 0 1 0
position: 0 0 0
_up: 0 0.999998 0

-----
View
0.19945 0 0 0
0 0.999998 0 0
-0.979907 0 -0.19945 0
0 0 0 1

right: 0.19945 0 -0.979907
direction: -0.979907 0 -0.19945
target: 0 0 -1
up: 0 1 0
position: 0 0 0
_up: 0 0.999998 0

-----
View
0.189641 0 0 0
0 0.999998 0 0
-0.981852 0 -0.189641 0
0 0 0 1

right: 0.189641 0 -0.981852
direction: -0.981852 0 -0.189641
target: 0 0 -1
up: 0 1 0
position: 0 0 0
_up: 0 0.999998 0

-----
View
0.179813 0 0 0
0 0.999998 0 0
-0.9837 0 -0.179813 0
0 0 0 1

right: 0.179813 0 -0.9837
direction: -0.9837 0 -0.179813
target: 0 0 -1
up: 0 1 0
position: 0 0 0
_up: 0 0.999998 0

-----
View
0.169967 0 0 0
0 0.999998 0 0
-0.985448 0 -0.169967 0
0 0 0 1

right: 0.169967 0 -0.985448
direction: -0.985448 0 -0.169967
target: 0 0 -1
up: 0 1 0
position: 0 0 0
_up: 0 0.999997 0

-----
View
0.160104 0 0 0
0 0.999997 0 0
-0.987099 0 -0.160104 0
0 0 0 1

right: 0.160104 0 -0.987099
direction: -0.987099 0 -0.160104
target: 0 0 -1
up: 0 1 0
position: 0 0 0
_up: 0 0.999998 0

-----
View
0.150226 0 0 0
0 0.999998 0 0
-0.988651 0 -0.150226 0
0 0 0 1

right: 0.150226 0 -0.988651
direction: -0.988651 0 -0.150226
target: 0 0 -1
up: 0 1 0
position: 0 0 0
_up: 0 0.999998 0

-----
View
0.140332 0 0 0
0 0.999998 0 0
-0.990103 0 -0.140332 0
0 0 0 1

right: 0.140332 0 -0.990103
direction: -0.990103 0 -0.140332
target: 0 0 -1
up: 0 1 0
position: 0 0 0
_up: 0 0.999997 0

-----
View
0.130424 0 0 0
0 0.999997 0 0
-0.991457 0 -0.130424 0
0 0 0 1

right: 0.130424 0 -0.991457
direction: -0.991457 0 -0.130424
target: 0 0 -1
up: 0 1 0
position: 0 0 0
_up: 0 0.999997 0

-----
View
0.120503 0 0 0
0 0.999997 0 0
-0.992712 0 -0.120503 0
0 0 0 1

right: 0.120503 0 -0.992712
direction: -0.992712 0 -0.120503
target: 0 0 -1
up: 0 1 0
position: 0 0 0
_up: 0 0.999997 0

-----
View
0.11057 0 0 0
0 0.999997 0 0
-0.993867 0 -0.11057 0
0 0 0 1

right: 0.11057 0 -0.993867
direction: -0.993867 0 -0.11057
target: 0 0 -1
up: 0 1 0
position: 0 0 0
_up: 0 0.999997 0

-----
View
0.100626 0 0 0
0 0.999997 0 0
-0.994923 0 -0.100626 0
0 0 0 1

right: 0.100626 0 -0.994923
direction: -0.994923 0 -0.100626
target: 0 0 -1
up: 0 1 0
position: 0 0 0
_up: 0 0.999997 0

-----
View
0.0906719 0 0 0
0 0.999997 0 0
-0.995879 0 -0.0906719 0
0 0 0 1

right: 0.0906719 0 -0.995879
direction: -0.995879 0 -0.0906719
target: 0 0 -1
up: 0 1 0
position: 0 0 0
_up: 0 0.999997 0

-----
View
0.0807087 0 0 0
0 0.999997 0 0
-0.996736 0 -0.0807087 0
0 0 0 1

right: 0.0807087 0 -0.996736
direction: -0.996736 0 -0.0807087
target: 0 0 -1
up: 0 1 0
position: 0 0 0
_up: 0 0.999997 0

-----
View
0.0707375 0 0 0
0 0.999997 0 0
-0.997494 0 -0.0707375 0
0 0 0 1

right: 0.0707375 0 -0.997494
direction: -0.997494 0 -0.0707375
target: 0 0 -1
up: 0 1 0
position: 0 0 0
_up: 0 0.999997 0

-----
View
0.0607591 0 0 0
0 0.999997 0 0
-0.998151 0 -0.0607591 0
0 0 0 1

right: 0.0607591 0 -0.998151
direction: -0.998151 0 -0.0607591
target: 0 0 -1
up: 0 1 0
position: 0 0 0
_up: 0 0.999997 0

-----
View
0.0507748 0 0 0
0 0.999997 0 0
-0.998709 0 -0.0507748 0
0 0 0 1

right: 0.0507748 0 -0.998709
direction: -0.998709 0 -0.0507748
target: 0 0 -1
up: 0 1 0
position: 0 0 0
_up: 0 0.999997 0

-----
View
0.0407853 0 0 0
0 0.999997 0 0
-0.999167 0 -0.0407853 0
0 0 0 1

right: 0.0407853 0 -0.999167
direction: -0.999167 0 -0.0407853
target: 0 0 -1
up: 0 1 0
position: 0 0 0
_up: 0 0.999997 0

-----
View
0.0307918 0 0 0
0 0.999997 0 0
-0.999524 0 -0.0307918 0
0 0 0 1

right: 0.0307918 0 -0.999524
direction: -0.999524 0 -0.0307918
target: 0 0 -1
up: 0 1 0
position: 0 0 0
_up: 0 0.999997 0

-----
View
0.0207951 0 0 0
0 0.999997 0 0
-0.999782 0 -0.0207951 0
0 0 0 1

right: 0.0207951 0 -0.999782
direction: -0.999782 0 -0.0207951
target: 0 0 -1
up: 0 1 0
position: 0 0 0
_up: 0 0.999997 0

-----
View
0.0107964 0 0 0
0 0.999997 0 0
-0.99994 0 -0.0107964 0
0 0 0 1

right: 0.0107964 0 -0.99994
direction: -0.99994 0 -0.0107964
target: 0 0 -1
up: 0 1 0
position: 0 0 0
_up: 0 0.999997 0

-----
View
0.000796665 0 0 0
0 0.999997 0 0
-0.999998 0 -0.000796665 0
0 0 0 1

right: 0.000796665 0 -0.999998
direction: -0.999998 0 -0.000796665
target: 0 0 -1
up: 0 1 0
position: 0 0 0
_up: 0 0.999997 0

-----
View
-0.00920319 0 0 0
0 0.999997 0 0
-0.999956 0 0.00920319 0
0 0 0 1

right: -0.00920319 0 -0.999956
direction: -0.999956 0 0.00920319
target: 0 0 -1
up: 0 1 0
position: 0 0 0
_up: 0 0.999997 0

-----
View
-0.0192021 0 0 0
0 0.999997 0 0
-0.999814 0 0.0192021 0
0 0 0 1

right: -0.0192021 0 -0.999814
direction: -0.999814 0 0.0192021
target: 0 0 -1
up: 0 1 0
position: 0 0 0
_up: 0 0.999997 0

-----
View
-0.0291991 0 0 0
0 0.999997 0 0
-0.999572 0 0.0291991 0
0 0 0 1

right: -0.0291991 0 -0.999572
direction: -0.999572 0 0.0291991
target: 0 0 -1
up: 0 1 0
position: 0 0 0
_up: 0 0.999997 0

-----
View
-0.0391932 0 0 0
0 0.999997 0 0
-0.99923 0 0.0391932 0
0 0 0 1

right: -0.0391932 0 -0.99923
direction: -0.99923 0 0.0391932
target: 0 0 -1
up: 0 1 0
position: 0 0 0
_up: 0 0.999997 0

-----
View
-0.0491834 0 0 0
0 0.999997 0 0
-0.998788 0 0.0491834 0
0 0 0 1

right: -0.0491834 0 -0.998788
direction: -0.998788 0 0.0491834
target: 0 0 -1
up: 0 1 0
position: 0 0 0
_up: 0 0.999997 0

-----
View
-0.0591687 0 0 0
0 0.999997 0 0
-0.998247 0 0.0591687 0
0 0 0 1

right: -0.0591687 0 -0.998247
direction: -0.998247 0 0.0591687
target: 0 0 -1
up: 0 1 0
position: 0 0 0
_up: 0 0.999997 0

-----
View
-0.069148 0 0 0
0 0.999997 0 0
-0.997605 0 0.069148 0
0 0 0 1

right: -0.069148 0 -0.997605
direction: -0.997605 0 0.069148
target: 0 0 -1
up: 0 1 0
position: 0 0 0
_up: 0 0.999997 0

-----
View
-0.0791204 0 0 0
0 0.999997 0 0
-0.996864 0 0.0791204 0
0 0 0 1

right: -0.0791204 0 -0.996864
direction: -0.996864 0 0.0791204
target: 0 0 -1
up: 0 1 0
position: 0 0 0
_up: 0 0.999997 0

-----
View
-0.0890849 0 0 0
0 0.999997 0 0
-0.996023 0 0.0890849 0
0 0 0 1

right: -0.0890849 0 -0.996023
direction: -0.996023 0 0.0890849
target: 0 0 -1
up: 0 1 0
position: 0 0 0
_up: 0 0.999997 0

-----
View
-0.0990405 0 0 0
0 0.999997 0 0
-0.995082 0 0.0990405 0
0 0 0 1

right: -0.0990405 0 -0.995082
direction: -0.995082 0 0.0990405
target: 0 0 -1
up: 0 1 0
position: 0 0 0
_up: 0 0.999997 0

-----
View
-0.108986 0 0 0
0 0.999997 0 0
-0.994042 0 0.108986 0
0 0 0 1

right: -0.108986 0 -0.994042
direction: -0.994042 0 0.108986
target: 0 0 -1
up: 0 1 0
position: 0 0 0
_up: 0 0.999997 0

-----
View
-0.118921 0 0 0
0 0.999997 0 0
-0.992902 0 0.118921 0
0 0 0 1

right: -0.118921 0 -0.992902
direction: -0.992902 0 0.118921
target: 0 0 -1
up: 0 1 0
position: 0 0 0
_up: 0 0.999997 0

-----
View
-0.128844 0 0 0
0 0.999997 0 0
-0.991663 0 0.128844 0
0 0 0 1

right: -0.128844 0 -0.991663
direction: -0.991663 0 0.128844
target: 0 0 -1
up: 0 1 0
position: 0 0 0
_up: 0 0.999997 0

-----
View
-0.138754 0 0 0
0 0.999997 0 0
-0.990325 0 0.138754 0
0 0 0 1

right: -0.138754 0 -0.990325
direction: -0.990325 0 0.138754
target: 0 0 -1
up: 0 1 0
position: 0 0 0
_up: 0 0.999997 0

-----
View
-0.14865 0 0 0
0 0.999997 0 0
-0.988888 0 0.14865 0
0 0 0 1

right: -0.14865 0 -0.988888
direction: -0.988888 0 0.14865
target: 0 0 -1
up: 0 1 0
position: 0 0 0
_up: 0 0.999997 0

-----
View
-0.158531 0 0 0
0 0.999997 0 0
-0.987352 0 0.158531 0
0 0 0 1

right: -0.158531 0 -0.987352
direction: -0.987352 0 0.158531
target: 0 0 -1
up: 0 1 0
position: 0 0 0
_up: 0 0.999997 0

-----
View
-0.168397 0 0 0
0 0.999997 0 0
-0.985718 0 0.168397 0
0 0 0 1

right: -0.168397 0 -0.985718
direction: -0.985718 0 0.168397
target: 0 0 -1
up: 0 1 0
position: 0 0 0
_up: 0 0.999997 0

-----
View
-0.178245 0 0 0
0 0.999997 0 0
-0.983984 0 0.178245 0
0 0 0 1

right: -0.178245 0 -0.983984
direction: -0.983984 0 0.178245
target: 0 0 -1
up: 0 1 0
position: 0 0 0
_up: 0 0.999997 0

-----
View
-0.188076 0 0 0
0 0.999997 0 0
-0.982153 0 0.188076 0
0 0 0 1

right: -0.188076 0 -0.982153
direction: -0.982153 0 0.188076
target: 0 0 -1
up: 0 1 0
position: 0 0 0
_up: 0 0.999997 0

-----
View
-0.197888 0 0 0
0 0.999997 0 0
-0.980223 0 0.197888 0
0 0 0 1

right: -0.197888 0 -0.980223
direction: -0.980223 0 0.197888
target: 0 0 -1
up: 0 1 0
position: 0 0 0
_up: 0 0.999997 0

-----
View
-0.20768 0 0 0
0 0.999997 0 0
-0.978195 0 0.20768 0
0 0 0 1

right: -0.20768 0 -0.978195
direction: -0.978195 0 0.20768
target: 0 0 -1
up: 0 1 0
position: 0 0 0
_up: 0 0.999997 0

-----
View
-0.217452 0 0 0
0 0.999997 0 0
-0.976069 0 0.217452 0
0 0 0 1

right: -0.217452 0 -0.976069
direction: -0.976069 0 0.217452
target: 0 0 -1
up: 0 1 0
position: 0 0 0
_up: 0 0.999997 0

-----
View
-0.227201 0 0 0
0 0.999997 0 0
-0.973846 0 0.227201 0
0 0 0 1

right: -0.227201 0 -0.973846
direction: -0.973846 0 0.227201
target: 0 0 -1
up: 0 1 0
position: 0 0 0
_up: 0 0.999997 0

-----
View
-0.236928 0 0 0
0 0.999997 0 0
-0.971525 0 0.236928 0
0 0 0 1

right: -0.236928 0 -0.971525
direction: -0.971525 0 0.236928
target: 0 0 -1
up: 0 1 0
position: 0 0 0
_up: 0 0.999997 0

-----
View
-0.246632 0 0 0
0 0.999997 0 0
-0.969108 0 0.246632 0
0 0 0 1

right: -0.246632 0 -0.969108
direction: -0.969108 0 0.246632
target: 0 0 -1
up: 0 1 0
position: 0 0 0
_up: 0 0.999997 0

-----
View
-0.25631 0 0 0
0 0.999997 0 0
-0.966593 0 0.25631 0
0 0 0 1

right: -0.25631 0 -0.966593
direction: -0.966593 0 0.25631
target: 0 0 -1
up: 0 1 0
position: 0 0 0
_up: 0 0.999997 0

-----
View
-0.265963 0 0 0
0 0.999997 0 0
-0.963981 0 0.265963 0
0 0 0 1

right: -0.265963 0 -0.963981
direction: -0.963981 0 0.265963
target: 0 0 -1
up: 0 1 0
position: 0 0 0
_up: 0 0.999997 0
